<?xml version="1.0" encoding="UTF-8"?>
<!-- Generated by org.testng.reporters.JUnitReportReporter -->
<testsuite hostname="retina.dellroad.org" name="org.dellroad.msrp.msg.BoundaryInputStreamTest" tests="8" failures="0" timestamp="4 Jun 2015 21:18:31 GMT" time="0.018" errors="0">
  <testcase name="testValid" time="0.000" classname="org.dellroad.msrp.msg.BoundaryInputStreamTest"/>
  <testcase name="testValid" time="0.001" classname="org.dellroad.msrp.msg.BoundaryInputStreamTest"/>
  <testcase name="testValid" time="0.001" classname="org.dellroad.msrp.msg.BoundaryInputStreamTest"/>
  <testcase name="testValid" time="0.011" classname="org.dellroad.msrp.msg.BoundaryInputStreamTest"/>
  <testcase name="testValid" time="0.002" classname="org.dellroad.msrp.msg.BoundaryInputStreamTest"/>
  <testcase name="testValid" time="0.001" classname="org.dellroad.msrp.msg.BoundaryInputStreamTest"/>
  <testcase name="testValid" time="0.001" classname="org.dellroad.msrp.msg.BoundaryInputStreamTest"/>
  <testcase name="testValid" time="0.001" classname="org.dellroad.msrp.msg.BoundaryInputStreamTest"/>
</testsuite> <!-- org.dellroad.msrp.msg.BoundaryInputStreamTest -->
